mode: count
micro_auth/internal/router/router.go:12.24,15.2 2 1
micro_auth/internal/router/router.go:17.50,22.33 4 1
micro_auth/internal/router/router.go:38.2,38.15 1 1
micro_auth/internal/router/router.go:22.33,36.3 1 3
micro_auth/internal/auth/services/services.go:13.72,24.2 7 3
micro_auth/internal/auth/services/services.go:26.42,34.2 7 3
micro_auth/internal/auth/services/services.go:36.70,37.29 1 0
micro_auth/internal/auth/services/services.go:43.2,43.51 1 0
micro_auth/internal/auth/services/services.go:37.29,41.3 1 0
micro_auth/internal/auth/services/services.go:49.67,50.17 1 0
micro_auth/internal/auth/services/services.go:53.2,53.29 1 0
micro_auth/internal/auth/services/services.go:59.2,60.19 2 0
micro_auth/internal/auth/services/services.go:64.2,64.18 1 0
micro_auth/internal/auth/services/services.go:50.17,52.3 1 0
micro_auth/internal/auth/services/services.go:53.29,57.3 1 0
micro_auth/internal/auth/services/services.go:60.19,62.3 1 0
micro_auth/internal/auth/services/services.go:67.51,69.16 2 3
micro_auth/internal/auth/services/services.go:72.2,72.28 1 3
micro_auth/internal/auth/services/services.go:69.16,71.3 1 0
micro_auth/internal/auth/services/services.go:75.49,80.2 4 0
micro_auth/internal/auth/services/services.go:82.43,87.2 4 0
micro_auth/internal/errors/response.go:17.39,19.2 1 0
micro_auth/internal/errors/response.go:22.41,24.2 1 0
micro_auth/internal/errors/response.go:27.52,28.15 1 0
micro_auth/internal/errors/response.go:31.2,34.3 1 0
micro_auth/internal/errors/response.go:28.15,30.3 1 0
micro_auth/internal/errors/response.go:38.41,39.15 1 0
micro_auth/internal/errors/response.go:42.2,45.3 1 0
micro_auth/internal/errors/response.go:39.15,41.3 1 0
micro_auth/internal/errors/response.go:49.45,50.15 1 0
micro_auth/internal/errors/response.go:53.2,56.3 1 0
micro_auth/internal/errors/response.go:50.15,52.3 1 0
micro_auth/internal/errors/response.go:60.42,61.15 1 0
micro_auth/internal/errors/response.go:64.2,67.3 1 0
micro_auth/internal/errors/response.go:61.15,63.3 1 0
micro_auth/internal/errors/response.go:71.43,72.15 1 0
micro_auth/internal/errors/response.go:75.2,78.3 1 0
micro_auth/internal/errors/response.go:72.15,74.3 1 0
micro_auth/internal/errors/response.go:87.57,90.26 3 0
micro_auth/internal/errors/response.go:93.2,94.31 2 0
micro_auth/internal/errors/response.go:101.2,105.3 1 0
micro_auth/internal/errors/response.go:90.26,92.3 1 0
micro_auth/internal/errors/response.go:94.31,99.3 1 0
micro_auth/internal/test/api_client.go:21.32,23.2 1 6
micro_auth/internal/test/api_client.go:26.40,28.2 1 3
micro_auth/internal/test/api_client.go:30.60,35.2 4 0
micro_auth/internal/test/api_client.go:37.75,42.2 4 3
micro_auth/internal/test/api_client.go:44.92,51.2 4 3
micro_auth/internal/test/api_client.go:53.75,57.2 3 0
micro_auth/internal/test/api_client.go:59.54,61.2 1 3
micro_auth/internal/router/middlewares.go:12.95,13.58 1 3
micro_auth/internal/router/middlewares.go:13.58,14.16 1 3
micro_auth/internal/router/middlewares.go:18.3,19.24 2 0
micro_auth/internal/router/middlewares.go:25.3,25.17 1 0
micro_auth/internal/router/middlewares.go:14.16,17.4 2 3
micro_auth/internal/router/middlewares.go:19.24,24.4 4 0
micro_auth/internal/router/middlewares.go:29.100,30.58 1 3
micro_auth/internal/router/middlewares.go:30.58,31.30 1 3
micro_auth/internal/router/middlewares.go:37.3,37.17 1 3
micro_auth/internal/router/middlewares.go:31.30,36.4 4 0
micro_auth/internal/log/logger.go:18.26,26.2 3 1
micro_auth/internal/log/logger.go:28.26,29.17 1 3
micro_auth/internal/log/logger.go:32.2,32.17 1 3
micro_auth/internal/log/logger.go:29.17,31.3 1 1
micro_auth/internal/test/suite.go:27.34,31.2 2 1
micro_auth/internal/test/suite.go:33.44,35.2 1 1
micro_auth/internal/test/suite.go:50.38,55.16 4 1
micro_auth/internal/test/suite.go:58.2,63.16 5 1
micro_auth/internal/test/suite.go:67.2,79.16 4 1
micro_auth/internal/test/suite.go:83.2,86.30 2 1
micro_auth/internal/test/suite.go:90.2,98.16 2 1
micro_auth/internal/test/suite.go:102.2,103.32 2 1
micro_auth/internal/test/suite.go:110.2,110.16 1 1
micro_auth/internal/test/suite.go:113.2,113.23 1 1
micro_auth/internal/test/suite.go:55.16,57.3 1 0
micro_auth/internal/test/suite.go:63.16,65.3 1 0
micro_auth/internal/test/suite.go:79.16,81.3 1 0
micro_auth/internal/test/suite.go:86.30,88.3 1 1
micro_auth/internal/test/suite.go:98.16,100.3 1 0
micro_auth/internal/test/suite.go:103.32,105.17 2 4
micro_auth/internal/test/suite.go:108.3,108.19 1 4
micro_auth/internal/test/suite.go:105.17,107.4 1 0
micro_auth/internal/test/suite.go:110.16,112.3 1 0
micro_auth/internal/test/suite.go:116.41,118.16 2 1
micro_auth/internal/test/suite.go:121.2,122.16 2 1
micro_auth/internal/test/suite.go:126.2,127.16 2 1
micro_auth/internal/test/suite.go:130.2,131.16 2 1
micro_auth/internal/test/suite.go:118.16,120.3 1 0
micro_auth/internal/test/suite.go:122.16,124.3 1 0
micro_auth/internal/test/suite.go:127.16,129.3 1 0
micro_auth/internal/test/suite.go:131.16,133.3 1 0
micro_auth/internal/test/suite.go:136.37,144.2 2 3
micro_auth/internal/test/suite.go:146.40,148.16 2 3
micro_auth/internal/test/suite.go:148.16,150.3 1 0
micro_auth/internal/test/suite.go:158.39,161.2 2 1
micro_auth/core/config.go:16.13,20.58 3 1
micro_auth/core/config.go:23.2,23.25 1 1
micro_auth/core/config.go:20.58,22.3 1 0
micro_auth/core/config.go:37.26,47.2 1 1
micro_auth/core/config.go:50.51,51.48 1 7
micro_auth/core/config.go:55.2,55.19 1 1
micro_auth/core/config.go:51.48,53.3 1 6
micro_auth/core/config.go:59.51,61.54 2 0
micro_auth/core/config.go:65.2,65.19 1 0
micro_auth/core/config.go:61.54,63.3 1 0
micro_auth/core/config.go:69.54,71.55 2 3
micro_auth/core/config.go:75.2,75.19 1 0
micro_auth/core/config.go:71.55,73.3 1 3
micro_auth/core/config.go:79.75,82.18 2 1
micro_auth/core/config.go:86.2,88.12 2 1
micro_auth/core/config.go:82.18,84.3 1 0
micro_auth/internal/auth/api/rest.go:16.70,24.2 6 3
micro_auth/internal/auth/api/rest.go:27.65,32.2 3 0
micro_auth/internal/application/app.go:22.20,23.17 1 1
micro_auth/internal/application/app.go:27.2,27.17 1 1
micro_auth/internal/application/app.go:23.17,26.3 2 1
micro_auth/internal/application/app.go:30.30,33.2 2 1
micro_auth/internal/application/app.go:35.23,38.2 2 0
micro_auth/internal/application/app.go:40.36,43.2 2 1
micro_auth/internal/application/app.go:45.21,48.2 2 1
micro_auth/internal/test/migration.go:14.35,22.16 5 1
micro_auth/internal/test/migration.go:25.2,25.30 1 1
micro_auth/internal/test/migration.go:22.16,24.3 1 0
micro_auth/internal/test/migration.go:25.30,27.3 1 0
micro_auth/internal/test/utils.go:12.74,13.16 1 1
micro_auth/internal/test/utils.go:13.16,17.3 3 1
micro_auth/internal/test/utils.go:21.35,22.16 1 7
micro_auth/internal/test/utils.go:22.16,26.3 3 0
micro_auth/internal/test/utils.go:30.50,31.34 1 6
micro_auth/internal/test/utils.go:31.34,35.3 3 1
micro_auth/internal/database/db.go:13.34,16.16 3 4
micro_auth/internal/database/db.go:16.16,18.3 1 0
micro_auth/internal/healthcheck/api/rest.go:8.65,13.2 3 0
micro_auth/internal/healthcheck/api/rest.go:8.65,13.2 3 0
micro_auth/internal/errors/response.go:17.39,19.2 1 0
micro_auth/internal/errors/response.go:22.41,24.2 1 0
micro_auth/internal/errors/response.go:27.52,28.15 1 0
micro_auth/internal/errors/response.go:31.2,34.3 1 0
micro_auth/internal/errors/response.go:28.15,30.3 1 0
micro_auth/internal/errors/response.go:38.41,39.15 1 0
micro_auth/internal/errors/response.go:42.2,45.3 1 0
micro_auth/internal/errors/response.go:39.15,41.3 1 0
micro_auth/internal/errors/response.go:49.45,50.15 1 0
micro_auth/internal/errors/response.go:53.2,56.3 1 0
micro_auth/internal/errors/response.go:50.15,52.3 1 0
micro_auth/internal/errors/response.go:60.42,61.15 1 0
micro_auth/internal/errors/response.go:64.2,67.3 1 0
micro_auth/internal/errors/response.go:61.15,63.3 1 0
micro_auth/internal/errors/response.go:71.43,72.15 1 0
micro_auth/internal/errors/response.go:75.2,78.3 1 0
micro_auth/internal/errors/response.go:72.15,74.3 1 0
micro_auth/internal/errors/response.go:87.57,90.26 3 0
micro_auth/internal/errors/response.go:93.2,94.31 2 0
micro_auth/internal/errors/response.go:101.2,105.3 1 0
micro_auth/internal/errors/response.go:90.26,92.3 1 0
micro_auth/internal/errors/response.go:94.31,99.3 1 0
micro_auth/core/config.go:16.13,20.58 3 1
micro_auth/core/config.go:23.2,23.25 1 1
micro_auth/core/config.go:20.58,22.3 1 0
micro_auth/core/config.go:37.26,47.2 1 1
micro_auth/core/config.go:50.51,51.48 1 7
micro_auth/core/config.go:55.2,55.19 1 1
micro_auth/core/config.go:51.48,53.3 1 6
micro_auth/core/config.go:59.51,61.54 2 0
micro_auth/core/config.go:65.2,65.19 1 0
micro_auth/core/config.go:61.54,63.3 1 0
micro_auth/core/config.go:69.54,71.55 2 3
micro_auth/core/config.go:75.2,75.19 1 0
micro_auth/core/config.go:71.55,73.3 1 3
micro_auth/core/config.go:79.75,82.18 2 1
micro_auth/core/config.go:86.2,88.12 2 1
micro_auth/core/config.go:82.18,84.3 1 0
micro_auth/internal/auth/services/services.go:13.72,24.2 7 0
micro_auth/internal/auth/services/services.go:26.42,34.2 7 0
micro_auth/internal/auth/services/services.go:36.70,37.29 1 0
micro_auth/internal/auth/services/services.go:43.2,43.51 1 0
micro_auth/internal/auth/services/services.go:37.29,41.3 1 0
micro_auth/internal/auth/services/services.go:49.67,50.17 1 0
micro_auth/internal/auth/services/services.go:53.2,53.29 1 0
micro_auth/internal/auth/services/services.go:59.2,60.19 2 0
micro_auth/internal/auth/services/services.go:64.2,64.18 1 0
micro_auth/internal/auth/services/services.go:50.17,52.3 1 0
micro_auth/internal/auth/services/services.go:53.29,57.3 1 0
micro_auth/internal/auth/services/services.go:60.19,62.3 1 0
micro_auth/internal/auth/services/services.go:67.51,69.16 2 0
micro_auth/internal/auth/services/services.go:72.2,72.28 1 0
micro_auth/internal/auth/services/services.go:69.16,71.3 1 0
micro_auth/internal/auth/services/services.go:75.49,80.2 4 0
micro_auth/internal/auth/services/services.go:82.43,87.2 4 0
micro_auth/internal/application/app.go:22.20,23.17 1 1
micro_auth/internal/application/app.go:27.2,27.17 1 1
micro_auth/internal/application/app.go:23.17,26.3 2 1
micro_auth/internal/application/app.go:30.30,33.2 2 1
micro_auth/internal/application/app.go:35.23,38.2 2 0
micro_auth/internal/application/app.go:40.36,43.2 2 1
micro_auth/internal/application/app.go:45.21,48.2 2 1
micro_auth/internal/router/middlewares.go:12.95,13.58 1 3
micro_auth/internal/router/middlewares.go:13.58,14.16 1 2
micro_auth/internal/router/middlewares.go:18.3,19.24 2 0
micro_auth/internal/router/middlewares.go:25.3,25.17 1 0
micro_auth/internal/router/middlewares.go:14.16,17.4 2 2
micro_auth/internal/router/middlewares.go:19.24,24.4 4 0
micro_auth/internal/router/middlewares.go:29.100,30.58 1 3
micro_auth/internal/router/middlewares.go:30.58,31.30 1 2
micro_auth/internal/router/middlewares.go:37.3,37.17 1 2
micro_auth/internal/router/middlewares.go:31.30,36.4 4 0
micro_auth/internal/router/router.go:12.24,15.2 2 1
micro_auth/internal/router/router.go:17.50,22.33 4 1
micro_auth/internal/router/router.go:38.2,38.15 1 1
micro_auth/internal/router/router.go:22.33,36.3 1 3
micro_auth/internal/log/logger.go:18.26,26.2 3 1
micro_auth/internal/log/logger.go:28.26,29.17 1 2
micro_auth/internal/log/logger.go:32.2,32.17 1 2
micro_auth/internal/log/logger.go:29.17,31.3 1 1
micro_auth/internal/database/db.go:13.34,16.16 3 3
micro_auth/internal/database/db.go:16.16,18.3 1 0
micro_auth/internal/auth/api/rest.go:16.70,24.2 6 0
micro_auth/internal/auth/api/rest.go:27.65,32.2 3 2
micro_auth/internal/test/api_client.go:21.32,23.2 1 4
micro_auth/internal/test/api_client.go:26.40,28.2 1 2
micro_auth/internal/test/api_client.go:30.60,35.2 4 0
micro_auth/internal/test/api_client.go:37.75,42.2 4 2
micro_auth/internal/test/api_client.go:44.92,51.2 4 2
micro_auth/internal/test/api_client.go:53.75,57.2 3 0
micro_auth/internal/test/api_client.go:59.54,61.2 1 2
micro_auth/internal/test/migration.go:14.35,22.16 5 1
micro_auth/internal/test/migration.go:25.2,25.30 1 1
micro_auth/internal/test/migration.go:22.16,24.3 1 0
micro_auth/internal/test/migration.go:25.30,27.3 1 0
micro_auth/internal/test/suite.go:27.34,31.2 2 1
micro_auth/internal/test/suite.go:33.44,35.2 1 1
micro_auth/internal/test/suite.go:50.38,55.16 4 1
micro_auth/internal/test/suite.go:58.2,63.16 5 1
micro_auth/internal/test/suite.go:67.2,79.16 4 1
micro_auth/internal/test/suite.go:83.2,86.30 2 1
micro_auth/internal/test/suite.go:90.2,98.16 2 1
micro_auth/internal/test/suite.go:102.2,103.32 2 1
micro_auth/internal/test/suite.go:110.2,110.16 1 1
micro_auth/internal/test/suite.go:113.2,113.23 1 1
micro_auth/internal/test/suite.go:55.16,57.3 1 0
micro_auth/internal/test/suite.go:63.16,65.3 1 0
micro_auth/internal/test/suite.go:79.16,81.3 1 0
micro_auth/internal/test/suite.go:86.30,88.3 1 1
micro_auth/internal/test/suite.go:98.16,100.3 1 0
micro_auth/internal/test/suite.go:103.32,105.17 2 4
micro_auth/internal/test/suite.go:108.3,108.19 1 4
micro_auth/internal/test/suite.go:105.17,107.4 1 0
micro_auth/internal/test/suite.go:110.16,112.3 1 0
micro_auth/internal/test/suite.go:116.41,118.16 2 1
micro_auth/internal/test/suite.go:121.2,122.16 2 1
micro_auth/internal/test/suite.go:126.2,127.16 2 1
micro_auth/internal/test/suite.go:130.2,131.16 2 1
micro_auth/internal/test/suite.go:118.16,120.3 1 0
micro_auth/internal/test/suite.go:122.16,124.3 1 0
micro_auth/internal/test/suite.go:127.16,129.3 1 0
micro_auth/internal/test/suite.go:131.16,133.3 1 0
micro_auth/internal/test/suite.go:136.37,144.2 2 2
micro_auth/internal/test/suite.go:146.40,148.16 2 2
micro_auth/internal/test/suite.go:148.16,150.3 1 0
micro_auth/internal/test/suite.go:158.39,161.2 2 1
micro_auth/internal/test/utils.go:12.74,13.16 1 1
micro_auth/internal/test/utils.go:13.16,17.3 3 1
micro_auth/internal/test/utils.go:21.35,22.16 1 2
micro_auth/internal/test/utils.go:22.16,26.3 3 0
micro_auth/internal/test/utils.go:30.50,31.34 1 3
micro_auth/internal/test/utils.go:31.34,35.3 3 0
micro_auth/core/config.go:16.13,20.58 3 1
micro_auth/core/config.go:23.2,23.25 1 1
micro_auth/core/config.go:20.58,22.3 1 0
micro_auth/core/config.go:37.26,47.2 1 1
micro_auth/core/config.go:50.51,51.48 1 7
micro_auth/core/config.go:55.2,55.19 1 1
micro_auth/core/config.go:51.48,53.3 1 6
micro_auth/core/config.go:59.51,61.54 2 0
micro_auth/core/config.go:65.2,65.19 1 0
micro_auth/core/config.go:61.54,63.3 1 0
micro_auth/core/config.go:69.54,71.55 2 3
micro_auth/core/config.go:75.2,75.19 1 0
micro_auth/core/config.go:71.55,73.3 1 3
micro_auth/core/config.go:79.75,82.18 2 1
micro_auth/core/config.go:86.2,88.12 2 1
micro_auth/core/config.go:82.18,84.3 1 0
micro_auth/internal/log/logger.go:18.26,26.2 3 1
micro_auth/internal/log/logger.go:28.26,29.17 1 4
micro_auth/internal/log/logger.go:32.2,32.17 1 4
micro_auth/internal/log/logger.go:29.17,31.3 1 1
micro_auth/internal/test/migration.go:14.35,22.16 5 1
micro_auth/internal/test/migration.go:25.2,25.30 1 1
micro_auth/internal/test/migration.go:22.16,24.3 1 0
micro_auth/internal/test/migration.go:25.30,27.3 1 0
micro_auth/internal/test/utils.go:12.74,13.16 1 5
micro_auth/internal/test/utils.go:13.16,17.3 3 0
micro_auth/internal/test/utils.go:21.35,22.16 1 1
micro_auth/internal/test/utils.go:22.16,26.3 3 0
micro_auth/internal/test/utils.go:30.50,31.34 1 19
micro_auth/internal/test/utils.go:31.34,35.3 3 3
micro_auth/internal/database/db.go:13.34,16.16 3 8
micro_auth/internal/database/db.go:16.16,18.3 1 0
micro_auth/internal/auth/services/services.go:13.72,24.2 7 1
micro_auth/internal/auth/services/services.go:26.42,34.2 7 11
micro_auth/internal/auth/services/services.go:36.70,37.29 1 1
micro_auth/internal/auth/services/services.go:43.2,43.51 1 1
micro_auth/internal/auth/services/services.go:37.29,41.3 1 0
micro_auth/internal/auth/services/services.go:49.67,50.17 1 1
micro_auth/internal/auth/services/services.go:53.2,53.29 1 1
micro_auth/internal/auth/services/services.go:59.2,60.19 2 1
micro_auth/internal/auth/services/services.go:64.2,64.18 1 1
micro_auth/internal/auth/services/services.go:50.17,52.3 1 0
micro_auth/internal/auth/services/services.go:53.29,57.3 1 0
micro_auth/internal/auth/services/services.go:60.19,62.3 1 5
micro_auth/internal/auth/services/services.go:67.51,69.16 2 1
micro_auth/internal/auth/services/services.go:72.2,72.28 1 1
micro_auth/internal/auth/services/services.go:69.16,71.3 1 0
micro_auth/internal/auth/services/services.go:75.49,80.2 4 2
micro_auth/internal/auth/services/services.go:82.43,87.2 4 2
micro_auth/internal/errors/response.go:17.39,19.2 1 0
micro_auth/internal/errors/response.go:22.41,24.2 1 0
micro_auth/internal/errors/response.go:27.52,28.15 1 0
micro_auth/internal/errors/response.go:31.2,34.3 1 0
micro_auth/internal/errors/response.go:28.15,30.3 1 0
micro_auth/internal/errors/response.go:38.41,39.15 1 0
micro_auth/internal/errors/response.go:42.2,45.3 1 0
micro_auth/internal/errors/response.go:39.15,41.3 1 0
micro_auth/internal/errors/response.go:49.45,50.15 1 0
micro_auth/internal/errors/response.go:53.2,56.3 1 0
micro_auth/internal/errors/response.go:50.15,52.3 1 0
micro_auth/internal/errors/response.go:60.42,61.15 1 0
micro_auth/internal/errors/response.go:64.2,67.3 1 0
micro_auth/internal/errors/response.go:61.15,63.3 1 0
micro_auth/internal/errors/response.go:71.43,72.15 1 0
micro_auth/internal/errors/response.go:75.2,78.3 1 0
micro_auth/internal/errors/response.go:72.15,74.3 1 0
micro_auth/internal/errors/response.go:87.57,90.26 3 0
micro_auth/internal/errors/response.go:93.2,94.31 2 0
micro_auth/internal/errors/response.go:101.2,105.3 1 0
micro_auth/internal/errors/response.go:90.26,92.3 1 0
micro_auth/internal/errors/response.go:94.31,99.3 1 0
micro_auth/internal/test/api_client.go:21.32,23.2 1 0
micro_auth/internal/test/api_client.go:26.40,28.2 1 0
micro_auth/internal/test/api_client.go:30.60,35.2 4 0
micro_auth/internal/test/api_client.go:37.75,42.2 4 0
micro_auth/internal/test/api_client.go:44.92,51.2 4 0
micro_auth/internal/test/api_client.go:53.75,57.2 3 0
micro_auth/internal/test/api_client.go:59.54,61.2 1 0
micro_auth/internal/test/suite.go:27.34,31.2 2 1
micro_auth/internal/test/suite.go:33.44,35.2 1 0
micro_auth/internal/test/suite.go:50.38,55.16 4 1
micro_auth/internal/test/suite.go:58.2,63.16 5 1
micro_auth/internal/test/suite.go:67.2,79.16 4 1
micro_auth/internal/test/suite.go:83.2,86.30 2 1
micro_auth/internal/test/suite.go:90.2,98.16 2 1
micro_auth/internal/test/suite.go:102.2,103.32 2 1
micro_auth/internal/test/suite.go:110.2,110.16 1 1
micro_auth/internal/test/suite.go:113.2,113.23 1 1
micro_auth/internal/test/suite.go:55.16,57.3 1 0
micro_auth/internal/test/suite.go:63.16,65.3 1 0
micro_auth/internal/test/suite.go:79.16,81.3 1 0
micro_auth/internal/test/suite.go:86.30,88.3 1 1
micro_auth/internal/test/suite.go:98.16,100.3 1 0
micro_auth/internal/test/suite.go:103.32,105.17 2 4
micro_auth/internal/test/suite.go:108.3,108.19 1 4
micro_auth/internal/test/suite.go:105.17,107.4 1 0
micro_auth/internal/test/suite.go:110.16,112.3 1 0
micro_auth/internal/test/suite.go:116.41,118.16 2 1
micro_auth/internal/test/suite.go:121.2,122.16 2 1
micro_auth/internal/test/suite.go:126.2,127.16 2 1
micro_auth/internal/test/suite.go:130.2,131.16 2 1
micro_auth/internal/test/suite.go:118.16,120.3 1 0
micro_auth/internal/test/suite.go:122.16,124.3 1 0
micro_auth/internal/test/suite.go:127.16,129.3 1 0
micro_auth/internal/test/suite.go:131.16,133.3 1 0
micro_auth/internal/test/suite.go:136.37,144.2 2 7
micro_auth/internal/test/suite.go:146.40,148.16 2 7
micro_auth/internal/test/suite.go:148.16,150.3 1 0
micro_auth/internal/test/suite.go:158.39,161.2 2 0
micro_auth/internal/auth/api/rest.go:16.70,24.2 6 0
micro_auth/internal/auth/api/rest.go:27.65,32.2 3 0
micro_auth/internal/healthcheck/api/rest.go:8.65,13.2 3 0
micro_auth/internal/router/router.go:12.24,15.2 2 1
micro_auth/internal/router/router.go:17.50,22.33 4 1
micro_auth/internal/router/router.go:38.2,38.15 1 1
micro_auth/internal/router/router.go:22.33,36.3 1 3
micro_auth/internal/router/middlewares.go:12.95,13.58 1 3
micro_auth/internal/router/middlewares.go:13.58,14.16 1 0
micro_auth/internal/router/middlewares.go:18.3,19.24 2 0
micro_auth/internal/router/middlewares.go:25.3,25.17 1 0
micro_auth/internal/router/middlewares.go:14.16,17.4 2 0
micro_auth/internal/router/middlewares.go:19.24,24.4 4 0
micro_auth/internal/router/middlewares.go:29.100,30.58 1 3
micro_auth/internal/router/middlewares.go:30.58,31.30 1 0
micro_auth/internal/router/middlewares.go:37.3,37.17 1 0
micro_auth/internal/router/middlewares.go:31.30,36.4 4 0
micro_auth/internal/application/app.go:22.20,23.17 1 1
micro_auth/internal/application/app.go:27.2,27.17 1 1
micro_auth/internal/application/app.go:23.17,26.3 2 1
micro_auth/internal/application/app.go:30.30,33.2 2 1
micro_auth/internal/application/app.go:35.23,38.2 2 0
micro_auth/internal/application/app.go:40.36,43.2 2 1
micro_auth/internal/application/app.go:45.21,48.2 2 1
micro_auth/core/config.go:16.13,20.58 3 1
micro_auth/core/config.go:23.2,23.25 1 1
micro_auth/core/config.go:20.58,22.3 1 0
micro_auth/core/config.go:37.26,47.2 1 1
micro_auth/core/config.go:50.51,51.48 1 7
micro_auth/core/config.go:55.2,55.19 1 1
micro_auth/core/config.go:51.48,53.3 1 6
micro_auth/core/config.go:59.51,61.54 2 0
micro_auth/core/config.go:65.2,65.19 1 0
micro_auth/core/config.go:61.54,63.3 1 0
micro_auth/core/config.go:69.54,71.55 2 3
micro_auth/core/config.go:75.2,75.19 1 0
micro_auth/core/config.go:71.55,73.3 1 3
micro_auth/core/config.go:79.75,82.18 2 1
micro_auth/core/config.go:86.2,88.12 2 1
micro_auth/core/config.go:82.18,84.3 1 0
micro_auth/internal/healthcheck/api/rest.go:8.65,13.2 3 0
micro_auth/internal/router/middlewares.go:12.95,13.58 1 0
micro_auth/internal/router/middlewares.go:13.58,14.16 1 0
micro_auth/internal/router/middlewares.go:18.3,19.24 2 0
micro_auth/internal/router/middlewares.go:25.3,25.17 1 0
micro_auth/internal/router/middlewares.go:14.16,17.4 2 0
micro_auth/internal/router/middlewares.go:19.24,24.4 4 0
micro_auth/internal/router/middlewares.go:29.100,30.58 1 0
micro_auth/internal/router/middlewares.go:30.58,31.30 1 0
micro_auth/internal/router/middlewares.go:37.3,37.17 1 0
micro_auth/internal/router/middlewares.go:31.30,36.4 4 0
micro_auth/internal/router/router.go:12.24,15.2 2 0
micro_auth/internal/router/router.go:17.50,22.33 4 0
micro_auth/internal/router/router.go:38.2,38.15 1 0
micro_auth/internal/router/router.go:22.33,36.3 1 0
micro_auth/internal/test/api_client.go:21.32,23.2 1 0
micro_auth/internal/test/api_client.go:26.40,28.2 1 0
micro_auth/internal/test/api_client.go:30.60,35.2 4 0
micro_auth/internal/test/api_client.go:37.75,42.2 4 0
micro_auth/internal/test/api_client.go:44.92,51.2 4 0
micro_auth/internal/test/api_client.go:53.75,57.2 3 0
micro_auth/internal/test/api_client.go:59.54,61.2 1 0
micro_auth/internal/test/suite.go:27.34,31.2 2 0
micro_auth/internal/test/suite.go:33.44,35.2 1 0
micro_auth/internal/test/suite.go:50.38,55.16 4 0
micro_auth/internal/test/suite.go:58.2,63.16 5 0
micro_auth/internal/test/suite.go:67.2,79.16 4 0
micro_auth/internal/test/suite.go:83.2,86.30 2 0
micro_auth/internal/test/suite.go:90.2,98.16 2 0
micro_auth/internal/test/suite.go:102.2,103.32 2 0
micro_auth/internal/test/suite.go:110.2,110.16 1 0
micro_auth/internal/test/suite.go:113.2,113.23 1 0
micro_auth/internal/test/suite.go:55.16,57.3 1 0
micro_auth/internal/test/suite.go:63.16,65.3 1 0
micro_auth/internal/test/suite.go:79.16,81.3 1 0
micro_auth/internal/test/suite.go:86.30,88.3 1 0
micro_auth/internal/test/suite.go:98.16,100.3 1 0
micro_auth/internal/test/suite.go:103.32,105.17 2 0
micro_auth/internal/test/suite.go:108.3,108.19 1 0
micro_auth/internal/test/suite.go:105.17,107.4 1 0
micro_auth/internal/test/suite.go:110.16,112.3 1 0
micro_auth/internal/test/suite.go:116.41,118.16 2 0
micro_auth/internal/test/suite.go:121.2,122.16 2 0
micro_auth/internal/test/suite.go:126.2,127.16 2 0
micro_auth/internal/test/suite.go:130.2,131.16 2 0
micro_auth/internal/test/suite.go:118.16,120.3 1 0
micro_auth/internal/test/suite.go:122.16,124.3 1 0
micro_auth/internal/test/suite.go:127.16,129.3 1 0
micro_auth/internal/test/suite.go:131.16,133.3 1 0
micro_auth/internal/test/suite.go:136.37,144.2 2 0
micro_auth/internal/test/suite.go:146.40,148.16 2 0
micro_auth/internal/test/suite.go:148.16,150.3 1 0
micro_auth/internal/test/suite.go:158.39,161.2 2 0
micro_auth/internal/errors/response.go:17.39,19.2 1 11
micro_auth/internal/errors/response.go:22.41,24.2 1 6
micro_auth/internal/errors/response.go:27.52,28.15 1 2
micro_auth/internal/errors/response.go:31.2,34.3 1 2
micro_auth/internal/errors/response.go:28.15,30.3 1 1
micro_auth/internal/errors/response.go:38.41,39.15 1 2
micro_auth/internal/errors/response.go:42.2,45.3 1 2
micro_auth/internal/errors/response.go:39.15,41.3 1 1
micro_auth/internal/errors/response.go:49.45,50.15 1 2
micro_auth/internal/errors/response.go:53.2,56.3 1 2
micro_auth/internal/errors/response.go:50.15,52.3 1 1
micro_auth/internal/errors/response.go:60.42,61.15 1 2
micro_auth/internal/errors/response.go:64.2,67.3 1 2
micro_auth/internal/errors/response.go:61.15,63.3 1 1
micro_auth/internal/errors/response.go:71.43,72.15 1 2
micro_auth/internal/errors/response.go:75.2,78.3 1 2
micro_auth/internal/errors/response.go:72.15,74.3 1 1
micro_auth/internal/errors/response.go:87.57,90.26 3 1
micro_auth/internal/errors/response.go:93.2,94.31 2 1
micro_auth/internal/errors/response.go:101.2,105.3 1 1
micro_auth/internal/errors/response.go:90.26,92.3 1 2
micro_auth/internal/errors/response.go:94.31,99.3 1 2
micro_auth/internal/log/logger.go:18.26,26.2 3 0
micro_auth/internal/log/logger.go:28.26,29.17 1 0
micro_auth/internal/log/logger.go:32.2,32.17 1 0
micro_auth/internal/log/logger.go:29.17,31.3 1 0
micro_auth/internal/database/db.go:13.34,16.16 3 0
micro_auth/internal/database/db.go:16.16,18.3 1 0
micro_auth/internal/auth/services/services.go:13.72,24.2 7 0
micro_auth/internal/auth/services/services.go:26.42,34.2 7 0
micro_auth/internal/auth/services/services.go:36.70,37.29 1 0
micro_auth/internal/auth/services/services.go:43.2,43.51 1 0
micro_auth/internal/auth/services/services.go:37.29,41.3 1 0
micro_auth/internal/auth/services/services.go:49.67,50.17 1 0
micro_auth/internal/auth/services/services.go:53.2,53.29 1 0
micro_auth/internal/auth/services/services.go:59.2,60.19 2 0
micro_auth/internal/auth/services/services.go:64.2,64.18 1 0
micro_auth/internal/auth/services/services.go:50.17,52.3 1 0
micro_auth/internal/auth/services/services.go:53.29,57.3 1 0
micro_auth/internal/auth/services/services.go:60.19,62.3 1 0
micro_auth/internal/auth/services/services.go:67.51,69.16 2 0
micro_auth/internal/auth/services/services.go:72.2,72.28 1 0
micro_auth/internal/auth/services/services.go:69.16,71.3 1 0
micro_auth/internal/auth/services/services.go:75.49,80.2 4 0
micro_auth/internal/auth/services/services.go:82.43,87.2 4 0
micro_auth/internal/test/migration.go:14.35,22.16 5 0
micro_auth/internal/test/migration.go:25.2,25.30 1 0
micro_auth/internal/test/migration.go:22.16,24.3 1 0
micro_auth/internal/test/migration.go:25.30,27.3 1 0
micro_auth/internal/auth/api/rest.go:16.70,24.2 6 0
micro_auth/internal/auth/api/rest.go:27.65,32.2 3 0
micro_auth/internal/application/app.go:22.20,23.17 1 0
micro_auth/internal/application/app.go:27.2,27.17 1 0
micro_auth/internal/application/app.go:23.17,26.3 2 0
micro_auth/internal/application/app.go:30.30,33.2 2 0
micro_auth/internal/application/app.go:35.23,38.2 2 0
micro_auth/internal/application/app.go:40.36,43.2 2 0
micro_auth/internal/application/app.go:45.21,48.2 2 0
micro_auth/internal/test/utils.go:12.74,13.16 1 5
micro_auth/internal/test/utils.go:13.16,17.3 3 0
micro_auth/internal/test/utils.go:21.35,22.16 1 0
micro_auth/internal/test/utils.go:22.16,26.3 3 0
micro_auth/internal/test/utils.go:30.50,31.34 1 14
micro_auth/internal/test/utils.go:31.34,35.3 3 0
micro_auth/internal/log/logger.go:18.26,26.2 3 1
micro_auth/internal/log/logger.go:28.26,29.17 1 1
micro_auth/internal/log/logger.go:32.2,32.17 1 1
micro_auth/internal/log/logger.go:29.17,31.3 1 1
micro_auth/internal/database/db.go:13.34,16.16 3 2
micro_auth/internal/database/db.go:16.16,18.3 1 0
micro_auth/internal/healthcheck/api/rest.go:8.65,13.2 3 1
micro_auth/internal/test/suite.go:27.34,31.2 2 1
micro_auth/internal/test/suite.go:33.44,35.2 1 1
micro_auth/internal/test/suite.go:50.38,55.16 4 1
micro_auth/internal/test/suite.go:58.2,63.16 5 1
micro_auth/internal/test/suite.go:67.2,79.16 4 1
micro_auth/internal/test/suite.go:83.2,86.30 2 1
micro_auth/internal/test/suite.go:90.2,98.16 2 1
micro_auth/internal/test/suite.go:102.2,103.32 2 1
micro_auth/internal/test/suite.go:110.2,110.16 1 1
micro_auth/internal/test/suite.go:113.2,113.23 1 1
micro_auth/internal/test/suite.go:55.16,57.3 1 0
micro_auth/internal/test/suite.go:63.16,65.3 1 0
micro_auth/internal/test/suite.go:79.16,81.3 1 0
micro_auth/internal/test/suite.go:86.30,88.3 1 1
micro_auth/internal/test/suite.go:98.16,100.3 1 0
micro_auth/internal/test/suite.go:103.32,105.17 2 4
micro_auth/internal/test/suite.go:108.3,108.19 1 4
micro_auth/internal/test/suite.go:105.17,107.4 1 0
micro_auth/internal/test/suite.go:110.16,112.3 1 0
micro_auth/internal/test/suite.go:116.41,118.16 2 1
micro_auth/internal/test/suite.go:121.2,122.16 2 1
micro_auth/internal/test/suite.go:126.2,127.16 2 1
micro_auth/internal/test/suite.go:130.2,131.16 2 1
micro_auth/internal/test/suite.go:118.16,120.3 1 0
micro_auth/internal/test/suite.go:122.16,124.3 1 0
micro_auth/internal/test/suite.go:127.16,129.3 1 0
micro_auth/internal/test/suite.go:131.16,133.3 1 0
micro_auth/internal/test/suite.go:136.37,144.2 2 1
micro_auth/internal/test/suite.go:146.40,148.16 2 1
micro_auth/internal/test/suite.go:148.16,150.3 1 0
micro_auth/internal/test/suite.go:158.39,161.2 2 1
micro_auth/internal/test/utils.go:12.74,13.16 1 0
micro_auth/internal/test/utils.go:13.16,17.3 3 0
micro_auth/internal/test/utils.go:21.35,22.16 1 1
micro_auth/internal/test/utils.go:22.16,26.3 3 0
micro_auth/internal/test/utils.go:30.50,31.34 1 2
micro_auth/internal/test/utils.go:31.34,35.3 3 0
micro_auth/core/config.go:16.13,20.58 3 1
micro_auth/core/config.go:23.2,23.25 1 1
micro_auth/core/config.go:20.58,22.3 1 0
micro_auth/core/config.go:37.26,47.2 1 1
micro_auth/core/config.go:50.51,51.48 1 7
micro_auth/core/config.go:55.2,55.19 1 1
micro_auth/core/config.go:51.48,53.3 1 6
micro_auth/core/config.go:59.51,61.54 2 0
micro_auth/core/config.go:65.2,65.19 1 0
micro_auth/core/config.go:61.54,63.3 1 0
micro_auth/core/config.go:69.54,71.55 2 3
micro_auth/core/config.go:75.2,75.19 1 0
micro_auth/core/config.go:71.55,73.3 1 3
micro_auth/core/config.go:79.75,82.18 2 1
micro_auth/core/config.go:86.2,88.12 2 1
micro_auth/core/config.go:82.18,84.3 1 0
micro_auth/internal/application/app.go:22.20,23.17 1 1
micro_auth/internal/application/app.go:27.2,27.17 1 1
micro_auth/internal/application/app.go:23.17,26.3 2 1
micro_auth/internal/application/app.go:30.30,33.2 2 1
micro_auth/internal/application/app.go:35.23,38.2 2 0
micro_auth/internal/application/app.go:40.36,43.2 2 1
micro_auth/internal/application/app.go:45.21,48.2 2 1
micro_auth/internal/test/api_client.go:21.32,23.2 1 2
micro_auth/internal/test/api_client.go:26.40,28.2 1 1
micro_auth/internal/test/api_client.go:30.60,35.2 4 1
micro_auth/internal/test/api_client.go:37.75,42.2 4 0
micro_auth/internal/test/api_client.go:44.92,51.2 4 1
micro_auth/internal/test/api_client.go:53.75,57.2 3 0
micro_auth/internal/test/api_client.go:59.54,61.2 1 1
micro_auth/internal/test/migration.go:14.35,22.16 5 1
micro_auth/internal/test/migration.go:25.2,25.30 1 1
micro_auth/internal/test/migration.go:22.16,24.3 1 0
micro_auth/internal/test/migration.go:25.30,27.3 1 0
micro_auth/internal/errors/response.go:17.39,19.2 1 0
micro_auth/internal/errors/response.go:22.41,24.2 1 0
micro_auth/internal/errors/response.go:27.52,28.15 1 0
micro_auth/internal/errors/response.go:31.2,34.3 1 0
micro_auth/internal/errors/response.go:28.15,30.3 1 0
micro_auth/internal/errors/response.go:38.41,39.15 1 0
micro_auth/internal/errors/response.go:42.2,45.3 1 0
micro_auth/internal/errors/response.go:39.15,41.3 1 0
micro_auth/internal/errors/response.go:49.45,50.15 1 0
micro_auth/internal/errors/response.go:53.2,56.3 1 0
micro_auth/internal/errors/response.go:50.15,52.3 1 0
micro_auth/internal/errors/response.go:60.42,61.15 1 0
micro_auth/internal/errors/response.go:64.2,67.3 1 0
micro_auth/internal/errors/response.go:61.15,63.3 1 0
micro_auth/internal/errors/response.go:71.43,72.15 1 0
micro_auth/internal/errors/response.go:75.2,78.3 1 0
micro_auth/internal/errors/response.go:72.15,74.3 1 0
micro_auth/internal/errors/response.go:87.57,90.26 3 0
micro_auth/internal/errors/response.go:93.2,94.31 2 0
micro_auth/internal/errors/response.go:101.2,105.3 1 0
micro_auth/internal/errors/response.go:90.26,92.3 1 0
micro_auth/internal/errors/response.go:94.31,99.3 1 0
micro_auth/internal/router/router.go:12.24,15.2 2 1
micro_auth/internal/router/router.go:17.50,22.33 4 1
micro_auth/internal/router/router.go:38.2,38.15 1 1
micro_auth/internal/router/router.go:22.33,36.3 1 3
micro_auth/internal/auth/api/rest.go:16.70,24.2 6 0
micro_auth/internal/auth/api/rest.go:27.65,32.2 3 0
micro_auth/internal/router/middlewares.go:12.95,13.58 1 3
micro_auth/internal/router/middlewares.go:13.58,14.16 1 1
micro_auth/internal/router/middlewares.go:18.3,19.24 2 0
micro_auth/internal/router/middlewares.go:25.3,25.17 1 0
micro_auth/internal/router/middlewares.go:14.16,17.4 2 1
micro_auth/internal/router/middlewares.go:19.24,24.4 4 0
micro_auth/internal/router/middlewares.go:29.100,30.58 1 3
micro_auth/internal/router/middlewares.go:30.58,31.30 1 1
micro_auth/internal/router/middlewares.go:37.3,37.17 1 1
micro_auth/internal/router/middlewares.go:31.30,36.4 4 0
micro_auth/internal/auth/services/services.go:13.72,24.2 7 0
micro_auth/internal/auth/services/services.go:26.42,34.2 7 0
micro_auth/internal/auth/services/services.go:36.70,37.29 1 0
micro_auth/internal/auth/services/services.go:43.2,43.51 1 0
micro_auth/internal/auth/services/services.go:37.29,41.3 1 0
micro_auth/internal/auth/services/services.go:49.67,50.17 1 0
micro_auth/internal/auth/services/services.go:53.2,53.29 1 0
micro_auth/internal/auth/services/services.go:59.2,60.19 2 0
micro_auth/internal/auth/services/services.go:64.2,64.18 1 0
micro_auth/internal/auth/services/services.go:50.17,52.3 1 0
micro_auth/internal/auth/services/services.go:53.29,57.3 1 0
micro_auth/internal/auth/services/services.go:60.19,62.3 1 0
micro_auth/internal/auth/services/services.go:67.51,69.16 2 0
micro_auth/internal/auth/services/services.go:72.2,72.28 1 0
micro_auth/internal/auth/services/services.go:69.16,71.3 1 0
micro_auth/internal/auth/services/services.go:75.49,80.2 4 0
micro_auth/internal/auth/services/services.go:82.43,87.2 4 0
micro_auth/core/config.go:16.13,20.58 3 1
micro_auth/core/config.go:23.2,23.25 1 1
micro_auth/core/config.go:20.58,22.3 1 0
micro_auth/core/config.go:37.26,47.2 1 1
micro_auth/core/config.go:50.51,51.48 1 7
micro_auth/core/config.go:55.2,55.19 1 1
micro_auth/core/config.go:51.48,53.3 1 6
micro_auth/core/config.go:59.51,61.54 2 0
micro_auth/core/config.go:65.2,65.19 1 0
micro_auth/core/config.go:61.54,63.3 1 0
micro_auth/core/config.go:69.54,71.55 2 3
micro_auth/core/config.go:75.2,75.19 1 0
micro_auth/core/config.go:71.55,73.3 1 3
micro_auth/core/config.go:79.75,82.18 2 1
micro_auth/core/config.go:86.2,88.12 2 1
micro_auth/core/config.go:82.18,84.3 1 0
micro_auth/internal/auth/services/services.go:13.72,24.2 7 0
micro_auth/internal/auth/services/services.go:26.42,34.2 7 0
micro_auth/internal/auth/services/services.go:36.70,37.29 1 0
micro_auth/internal/auth/services/services.go:43.2,43.51 1 0
micro_auth/internal/auth/services/services.go:37.29,41.3 1 0
micro_auth/internal/auth/services/services.go:49.67,50.17 1 0
micro_auth/internal/auth/services/services.go:53.2,53.29 1 0
micro_auth/internal/auth/services/services.go:59.2,60.19 2 0
micro_auth/internal/auth/services/services.go:64.2,64.18 1 0
micro_auth/internal/auth/services/services.go:50.17,52.3 1 0
micro_auth/internal/auth/services/services.go:53.29,57.3 1 0
micro_auth/internal/auth/services/services.go:60.19,62.3 1 0
micro_auth/internal/auth/services/services.go:67.51,69.16 2 0
micro_auth/internal/auth/services/services.go:72.2,72.28 1 0
micro_auth/internal/auth/services/services.go:69.16,71.3 1 0
micro_auth/internal/auth/services/services.go:75.49,80.2 4 0
micro_auth/internal/auth/services/services.go:82.43,87.2 4 0
micro_auth/internal/router/middlewares.go:12.95,13.58 1 3
micro_auth/internal/router/middlewares.go:13.58,14.16 1 0
micro_auth/internal/router/middlewares.go:18.3,19.24 2 0
micro_auth/internal/router/middlewares.go:25.3,25.17 1 0
micro_auth/internal/router/middlewares.go:14.16,17.4 2 0
micro_auth/internal/router/middlewares.go:19.24,24.4 4 0
micro_auth/internal/router/middlewares.go:29.100,30.58 1 3
micro_auth/internal/router/middlewares.go:30.58,31.30 1 3
micro_auth/internal/router/middlewares.go:37.3,37.17 1 0
micro_auth/internal/router/middlewares.go:31.30,36.4 4 3
micro_auth/internal/router/router.go:12.24,15.2 2 1
micro_auth/internal/router/router.go:17.50,22.33 4 1
micro_auth/internal/router/router.go:38.2,38.15 1 1
micro_auth/internal/router/router.go:22.33,36.3 1 3
micro_auth/internal/application/app.go:22.20,23.17 1 1
micro_auth/internal/application/app.go:27.2,27.17 1 1
micro_auth/internal/application/app.go:23.17,26.3 2 1
micro_auth/internal/application/app.go:30.30,33.2 2 1
micro_auth/internal/application/app.go:35.23,38.2 2 0
micro_auth/internal/application/app.go:40.36,43.2 2 1
micro_auth/internal/application/app.go:45.21,48.2 2 1
micro_auth/internal/test/api_client.go:21.32,23.2 1 0
micro_auth/internal/test/api_client.go:26.40,28.2 1 0
micro_auth/internal/test/api_client.go:30.60,35.2 4 0
micro_auth/internal/test/api_client.go:37.75,42.2 4 0
micro_auth/internal/test/api_client.go:44.92,51.2 4 0
micro_auth/internal/test/api_client.go:53.75,57.2 3 0
micro_auth/internal/test/api_client.go:59.54,61.2 1 0
micro_auth/internal/test/migration.go:14.35,22.16 5 1
micro_auth/internal/test/migration.go:25.2,25.30 1 1
micro_auth/internal/test/migration.go:22.16,24.3 1 0
micro_auth/internal/test/migration.go:25.30,27.3 1 0
micro_auth/internal/errors/response.go:17.39,19.2 1 0
micro_auth/internal/errors/response.go:22.41,24.2 1 0
micro_auth/internal/errors/response.go:27.52,28.15 1 0
micro_auth/internal/errors/response.go:31.2,34.3 1 0
micro_auth/internal/errors/response.go:28.15,30.3 1 0
micro_auth/internal/errors/response.go:38.41,39.15 1 0
micro_auth/internal/errors/response.go:42.2,45.3 1 0
micro_auth/internal/errors/response.go:39.15,41.3 1 0
micro_auth/internal/errors/response.go:49.45,50.15 1 0
micro_auth/internal/errors/response.go:53.2,56.3 1 0
micro_auth/internal/errors/response.go:50.15,52.3 1 0
micro_auth/internal/errors/response.go:60.42,61.15 1 0
micro_auth/internal/errors/response.go:64.2,67.3 1 0
micro_auth/internal/errors/response.go:61.15,63.3 1 0
micro_auth/internal/errors/response.go:71.43,72.15 1 0
micro_auth/internal/errors/response.go:75.2,78.3 1 0
micro_auth/internal/errors/response.go:72.15,74.3 1 0
micro_auth/internal/errors/response.go:87.57,90.26 3 0
micro_auth/internal/errors/response.go:93.2,94.31 2 0
micro_auth/internal/errors/response.go:101.2,105.3 1 0
micro_auth/internal/errors/response.go:90.26,92.3 1 0
micro_auth/internal/errors/response.go:94.31,99.3 1 0
micro_auth/internal/test/utils.go:12.74,13.16 1 0
micro_auth/internal/test/utils.go:13.16,17.3 3 0
micro_auth/internal/test/utils.go:21.35,22.16 1 0
micro_auth/internal/test/utils.go:22.16,26.3 3 0
micro_auth/internal/test/utils.go:30.50,31.34 1 6
micro_auth/internal/test/utils.go:31.34,35.3 3 0
micro_auth/internal/log/logger.go:18.26,26.2 3 1
micro_auth/internal/log/logger.go:28.26,29.17 1 1
micro_auth/internal/log/logger.go:32.2,32.17 1 1
micro_auth/internal/log/logger.go:29.17,31.3 1 1
micro_auth/internal/test/suite.go:27.34,31.2 2 1
micro_auth/internal/test/suite.go:33.44,35.2 1 4
micro_auth/internal/test/suite.go:50.38,55.16 4 1
micro_auth/internal/test/suite.go:58.2,63.16 5 1
micro_auth/internal/test/suite.go:67.2,79.16 4 1
micro_auth/internal/test/suite.go:83.2,86.30 2 1
micro_auth/internal/test/suite.go:90.2,98.16 2 1
micro_auth/internal/test/suite.go:102.2,103.32 2 1
micro_auth/internal/test/suite.go:110.2,110.16 1 1
micro_auth/internal/test/suite.go:113.2,113.23 1 1
micro_auth/internal/test/suite.go:55.16,57.3 1 0
micro_auth/internal/test/suite.go:63.16,65.3 1 0
micro_auth/internal/test/suite.go:79.16,81.3 1 0
micro_auth/internal/test/suite.go:86.30,88.3 1 1
micro_auth/internal/test/suite.go:98.16,100.3 1 0
micro_auth/internal/test/suite.go:103.32,105.17 2 3
micro_auth/internal/test/suite.go:108.3,108.19 1 3
micro_auth/internal/test/suite.go:105.17,107.4 1 0
micro_auth/internal/test/suite.go:110.16,112.3 1 0
micro_auth/internal/test/suite.go:116.41,118.16 2 1
micro_auth/internal/test/suite.go:121.2,122.16 2 1
micro_auth/internal/test/suite.go:126.2,127.16 2 1
micro_auth/internal/test/suite.go:130.2,131.16 2 1
micro_auth/internal/test/suite.go:118.16,120.3 1 0
micro_auth/internal/test/suite.go:122.16,124.3 1 0
micro_auth/internal/test/suite.go:127.16,129.3 1 0
micro_auth/internal/test/suite.go:131.16,133.3 1 0
micro_auth/internal/test/suite.go:136.37,144.2 2 1
micro_auth/internal/test/suite.go:146.40,148.16 2 1
micro_auth/internal/test/suite.go:148.16,150.3 1 0
micro_auth/internal/test/suite.go:158.39,161.2 2 1
micro_auth/internal/database/db.go:13.34,16.16 3 2
micro_auth/internal/database/db.go:16.16,18.3 1 0
micro_auth/internal/auth/api/rest.go:16.70,24.2 6 0
micro_auth/internal/auth/api/rest.go:27.65,32.2 3 0
micro_auth/internal/healthcheck/api/rest.go:8.65,13.2 3 0
